1632421610505:isToday --code UA
1632421630429:isToday
1632421659927:isToday --help
1632421687270:next --code UA
1632421715133:next --code US
1632421738955:next --code WORLDWIDE
1632421772973:all -year 2019 --code UA
1632421799493:all -year 2019
1632421806222:all --year 2019 --code UA
1632423763876:isToday
1632423774557:isToday --code UA
1632470340043:isToday
1632470359010:isToday --codeUA
1632470416924:next --code US
1632470437126:isToday --code UA
1632470474400:next --codeWORLDWIDE
1632470489551:next --code WORLDWIDE
1632470529365:all --code UA --year 2021
1632557507143:help
1632565289804:isToday
1632565299146:isToday --code
1632565315913:isToday --code UA
1632565340008:next --code UA
1632592100951:all --code UA --yer 2021
1632592112598:all --code UA --year 2021
1632592128048:all --code UA --year 2020
1632592212811:all --year 2020
1632592227341:all --year 2020 --code UA
1632592595082:all --code UA --year 2020
1632606686128:all --codeUA --year 2020
1632606706325:all --code UA --year 2020
